Arguments: 
  C:\Program Files\nodejs\node.exe C:\Users\Conan\AppData\Roaming\npm\node_modules\yarn\bin\yarn.js test

PATH: 
  C:\Python310\Scripts\;C:\Python310\;C:\Program Files\Common Files\Oracle\Java\javapath;C:\Program Files (x86)\Common Files\Oracle\Java\javapath;C:\Python39\Scripts\;C:\Python39\;C:\WINDOWS\system32;C:\WINDOWS;C:\WINDOWS\System32\Wbem;C:\WINDOWS\System32\WindowsPowerShell\v1.0\;C:\WINDOWS\System32\OpenSSH\;C:\Program Files\Intel\WiFi\bin\;C:\Program Files\Common Files\Intel\WirelessCommon\;C:\Program Files (x86)\Common Files\Adobe\AGL;C:\ProgramData\chocolatey\bin;C:\Program Files\Git\cmd;C:\Program Files\NVIDIA Corporation\NVIDIA NvDLISR;C:\Program Files (x86)\NVIDIA Corporation\PhysX\Common;D:\Ruby30-x64\bin;;C:\WINDOWS\system32;C:\WINDOWS;C:\WINDOWS\System32\Wbem;C:\WINDOWS\System32\WindowsPowerShell\v1.0\;C:\WINDOWS\System32\OpenSSH\;C:\Program Files\dotnet\;C:\Program Files\nodejs\;C:\Users\Conan\AppData\Local\Microsoft\WindowsApps;D:\Program Files\Microsoft VS Code\bin;D:\Program Files\MongoDB\Server\4.2\bin;D:\Ruby30-x64\bin;C:\Users\Conan\AppData\Roaming\npm

Yarn version: 
  1.22.18

Node version: 
  16.15.1

Platform: 
  win32 x64

Trace: 
  SyntaxError: D:\programing\app\拼音函数\package.json: Unexpected token a in JSON at position 142
      at JSON.parse (<anonymous>)
      at C:\Users\Conan\AppData\Roaming\npm\node_modules\yarn\lib\cli.js:1625:59
      at Generator.next (<anonymous>)
      at step (C:\Users\Conan\AppData\Roaming\npm\node_modules\yarn\lib\cli.js:310:30)
      at C:\Users\Conan\AppData\Roaming\npm\node_modules\yarn\lib\cli.js:321:13

npm manifest: 
  {
    "name": "pinyin",
    "version": "1.0.0",
    "description": "",
    "main": "test.js",
    "type": "module",
    "scripts": { 
      "test": "node .\app.js"
    },
    "author": "Conan",
    "license": "ISC",
    "dependencies": {
      "canvas": "^2.9.3",
      "node-id3": "^0.2.3"
    }
  }

yarn manifest: 
  No manifest

Lockfile: 
  No lockfile
